<?xml version="1.0" encoding="UTF-8"?>
<!-- Generated by org.testng.reporters.JUnitReportReporter -->
<testsuite hostname="DESKTOP-0JON43M" failures="0" tests="1" name="element_libary.Testdata" time="43.380" errors="0" timestamp="15 Sep 2022 11:03:21 GMT" skipped="0">
  <testcase classname="element_libary.Testdata" name="carttobooker" time="43.380"/>
</testsuite> <!-- element_libary.Testdata -->
