<?xml version="1.0" encoding="UTF-8"?>
<!-- Generated by org.testng.reporters.JUnitReportReporter -->
<testsuite hostname="DESKTOP-0JON43M" failures="0" tests="1" name="element_libary.Addressdata" time="64.409" errors="0" timestamp="14 Sep 2022 03:39:03 GMT" skipped="0">
  <testcase classname="element_libary.Addressdata" name="Enterdetails" time="64.409"/>
</testsuite> <!-- element_libary.Addressdata -->
